<?xml version="1.0" encoding="UTF-8"?>
<!-- Generated by org.testng.reporters.JUnitReportReporter -->
<testsuite hostname="Harika-PC" failures="0" tests="2" name="testCases.TC1" time="27.184" errors="0" timestamp="2021-09-29T09:51:19 IST" skipped="0">
  <testcase classname="testCases.TC1" name="login" time="27.183"/>
  <system-out/>
  <testcase classname="testCases.TC1" name="test2" time="0.001"/>
  <system-out/>
</testsuite> <!-- testCases.TC1 -->
